<?xml version="1.0" encoding="UTF-8"?>
<!-- Generated by org.testng.reporters.JUnitXMLReporter -->
<testsuite hostname="Desktop-rjn" name="Default test" tests="3" failures="0" timestamp="28 Dec 2021 06:57:54 GMT" time="6.072" errors="0">
  <testcase name="test21" time="2.053" classname="MultiThreading._3_ExampleWithPojo2"/>
  <testcase name="test22" time="2.001" classname="MultiThreading._3_ExampleWithPojo2"/>
  <testcase name="test23" time="2.003" classname="MultiThreading._3_ExampleWithPojo2"/>
</testsuite> <!-- Default test -->
