<?xml version="1.0" encoding="UTF-8"?>
<!-- Generated by org.testng.reporters.JUnitXMLReporter -->
<testsuite hostname="Desktop-rjn" name="Regression(failed)" tests="6" failures="0" timestamp="28 Dec 2021 04:21:34 GMT" time="12.178" errors="0">
  <testcase name="test11" time="3.078" classname="MultiThreading._3_ExampleWithPojo"/>
  <testcase name="test21" time="4.081" classname="MultiThreading._3_ExampleWithPojo2"/>
  <testcase name="test23" time="3.008" classname="MultiThreading._3_ExampleWithPojo2"/>
  <testcase name="test12" time="5.024" classname="MultiThreading._3_ExampleWithPojo"/>
  <testcase name="test22" time="4.042" classname="MultiThreading._3_ExampleWithPojo2"/>
  <testcase name="test13" time="4.038" classname="MultiThreading._3_ExampleWithPojo"/>
</testsuite> <!-- Regression(failed) -->
