<?xml version="1.0" encoding="UTF-8"?>
<!-- Generated by org.testng.reporters.JUnitXMLReporter -->
<testsuite hostname="Desktop-rjn" name="Regression" tests="3" failures="0" timestamp="28 Dec 2021 08:51:30 GMT" time="6.144" errors="0">
  <testcase name="test11" time="2.072" classname="MultiThreading._3_ExampleWithPojo"/>
  <testcase name="test12" time="2.035" classname="MultiThreading._3_ExampleWithPojo"/>
  <testcase name="test13" time="2.012" classname="MultiThreading._3_ExampleWithPojo"/>
</testsuite> <!-- Regression -->
